<?xml version="1.0" encoding="UTF-8"?>
<!-- Generated by org.testng.reporters.JUnitReportReporter -->
<testsuite hostname="DESKTOP-NSKO8MI" failures="0" tests="1" name="com.class01.TestNGDemo" time="0.020" errors="0" timestamp="2020-05-20T17:32:57 EDT" skipped="0">
  <testcase classname="com.class01.TestNGDemo" name="testOne" time="0.020"/>
  <system-out/>
</testsuite> <!-- com.class01.TestNGDemo -->
