<?xml version="1.0" encoding="UTF-8"?>
<!-- Generated by org.testng.reporters.JUnitReportReporter -->
<testsuite hostname="DESKTOP-NSKO8MI" failures="0" tests="1" name="practice.HwGroupsScrenShot" time="23.543" errors="0" timestamp="2020-05-29T13:41:32 EDT" skipped="0">
  <testcase classname="practice.HwGroupsScrenShot" name="diffEmpCred" time="23.543"/>
  <system-out/>
</testsuite> <!-- practice.HwGroupsScrenShot -->
