<?xml version="1.0" encoding="UTF-8"?>
<!-- Generated by org.testng.reporters.JUnitReportReporter -->
<testsuite hostname="DESKTOP-NSKO8MI" failures="0" tests="2" name="practice.NewTest" time="31.987" errors="0" timestamp="2020-05-23T03:13:34 EDT" skipped="0">
  <testcase classname="practice.NewTest" name="verifyNameEmpIdPhoto" time="14.168"/>
  <system-out/>
  <testcase classname="practice.NewTest" name="addPicture" time="17.819"/>
  <system-out/>
</testsuite> <!-- practice.NewTest -->
