<?xml version="1.0" encoding="UTF-8"?>
<!-- Generated by org.testng.reporters.JUnitReportReporter -->
<testsuite hostname="DESKTOP-NSKO8MI" failures="0" tests="1" name="practice.ExcelAddEmployee" time="0.000" errors="0" timestamp="2020-06-01T13:14:17 EDT" skipped="1">
  <testcase classname="practice.ExcelAddEmployee" name="addEmployee" time="0.000">
    <skipped/>
  </testcase> <!-- addEmployee -->
  <system-out/>
</testsuite> <!-- practice.ExcelAddEmployee -->
