<?xml version="1.0" encoding="UTF-8"?>
<!-- Generated by org.testng.reporters.JUnitReportReporter -->
<testsuite hostname="DESKTOP-NSKO8MI" failures="0" tests="3" name="com.test.LoginTest" time="25.471" errors="0" timestamp="2020-05-25T19:02:09 EDT" skipped="0">
  <testcase classname="com.test.LoginTest" name="emptyUsernameLogin" time="8.053"/>
  <system-out/>
  <testcase classname="com.test.LoginTest" name="validAminLogin" time="9.317"/>
  <system-out/>
  <testcase classname="com.test.LoginTest" name="invalidPasswordLogin" time="8.101"/>
  <system-out/>
</testsuite> <!-- com.test.LoginTest -->
